# JRE version: OpenJDK Runtime Environment (8.0_242-b01) (build 1.8.0_242-release-1644-b01)
# Java VM: OpenJDK 64-Bit Server VM (25.242-b01 mixed mode windows-amd64 compressed oops)
Heap:
 PSYoungGen      total 37888K, used 10969K [0x00000000e0000000, 0x00000000e2a00000, 0x0000000100000000)
  eden space 32768K, 25% used [0x00000000e0000000,0x00000000e0826698,0x00000000e2000000)
  from space 5120K, 51% used [0x00000000e2000000,0x00000000e228fdb0,0x00000000e2500000)
  to   space 5120K, 0% used [0x00000000e2500000,0x00000000e2500000,0x00000000e2a00000)
 ParOldGen       total 32256K, used 11703K [0x00000000a0000000, 0x00000000a1f80000, 0x00000000e0000000)
  object space 32256K, 36% used [0x00000000a0000000,0x00000000a0b6dfc8,0x00000000a1f80000)
 Metaspace       used 30853K, capacity 31374K, committed 31872K, reserved 1077248K
  class space    used 4220K, capacity 4390K, committed 4480K, reserved 1048576K
GC Heap History (10 events):
Event: 7.663 GC heap before
{Heap before GC invocations=10 (full 0):
 PSYoungGen      total 37888K, used 17811K [0x00000000e0000000, 0x00000000e2a00000, 0x0000000100000000)
  eden space 32768K, 38% used [0x00000000e0000000,0x00000000e0c77c28,0x00000000e2000000)
  from space 5120K, 98% used [0x00000000e2000000,0x00000000e24ed028,0x00000000e2500000)
  to   space 5120K, 0% used [0x00000000e2500000,0x00000000e2500000,0x00000000e2a00000)
 ParOldGen       total 44032K, used 6890K [0x00000000a0000000, 0x00000000a2b00000, 0x00000000e0000000)
  object space 44032K, 15% used [0x00000000a0000000,0x00000000a06baba0,0x00000000a2b00000)
 Metaspace       used 20623K, capacity 21070K, committed 21296K, reserved 1067008K
  class space    used 2947K, capacity 3117K, committed 3200K, reserved 1048576K
Event: 7.668 GC heap after
Heap after GC invocations=10 (full 0):
 PSYoungGen      total 37888K, used 3407K [0x00000000e0000000, 0x00000000e2a00000, 0x0000000100000000)
  eden space 32768K, 0% used [0x00000000e0000000,0x00000000e0000000,0x00000000e2000000)
  from space 5120K, 66% used [0x00000000e2500000,0x00000000e2853e68,0x00000000e2a00000)
  to   space 5120K, 0% used [0x00000000e2000000,0x00000000e2000000,0x00000000e2500000)
 ParOldGen       total 44032K, used 8037K [0x00000000a0000000, 0x00000000a2b00000, 0x00000000e0000000)
  object space 44032K, 18% used [0x00000000a0000000,0x00000000a07d9438,0x00000000a2b00000)
 Metaspace       used 20623K, capacity 21070K, committed 21296K, reserved 1067008K
  class space    used 2947K, capacity 3117K, committed 3200K, reserved 1048576K
}
Event: 7.668 GC heap before
{Heap before GC invocations=11 (full 1):
 PSYoungGen      total 37888K, used 3407K [0x00000000e0000000, 0x00000000e2a00000, 0x0000000100000000)
  eden space 32768K, 0% used [0x00000000e0000000,0x00000000e0000000,0x00000000e2000000)
  from space 5120K, 66% used [0x00000000e2500000,0x00000000e2853e68,0x00000000e2a00000)
  to   space 5120K, 0% used [0x00000000e2000000,0x00000000e2000000,0x00000000e2500000)
 ParOldGen       total 44032K, used 8037K [0x00000000a0000000, 0x00000000a2b00000, 0x00000000e0000000)
  object space 44032K, 18% used [0x00000000a0000000,0x00000000a07d9438,0x00000000a2b00000)
 Metaspace       used 20623K, capacity 21070K, committed 21296K, reserved 1067008K
  class space    used 2947K, capacity 3117K, committed 3200K, reserved 1048576K
Event: 7.731 GC heap after
Heap after GC invocations=11 (full 1):
 PSYoungGen      total 37888K, used 0K [0x00000000e0000000, 0x00000000e2a00000, 0x0000000100000000)
  eden space 32768K, 0% used [0x00000000e0000000,0x00000000e0000000,0x00000000e2000000)
  from space 5120K, 0% used [0x00000000e2500000,0x00000000e2500000,0x00000000e2a00000)
  to   space 5120K, 0% used [0x00000000e2000000,0x00000000e2000000,0x00000000e2500000)
 ParOldGen       total 32256K, used 8466K [0x00000000a0000000, 0x00000000a1f80000, 0x00000000e0000000)
  object space 32256K, 26% used [0x00000000a0000000,0x00000000a0844820,0x00000000a1f80000)
 Metaspace       used 20623K, capacity 21070K, committed 21296K, reserved 1067008K
  class space    used 2947K, capacity 3117K, committed 3200K, reserved 1048576K
}
Event: 8.512 GC heap before
{Heap before GC invocations=12 (full 1):
 PSYoungGen      total 37888K, used 32768K [0x00000000e0000000, 0x00000000e2a00000, 0x0000000100000000)
  eden space 32768K, 100% used [0x00000000e0000000,0x00000000e2000000,0x00000000e2000000)
  from space 5120K, 0% used [0x00000000e2500000,0x00000000e2500000,0x00000000e2a00000)
  to   space 5120K, 0% used [0x00000000e2000000,0x00000000e2000000,0x00000000e2500000)
 ParOldGen       total 32256K, used 8466K [0x00000000a0000000, 0x00000000a1f80000, 0x00000000e0000000)
  object space 32256K, 26% used [0x00000000a0000000,0x00000000a0844820,0x00000000a1f80000)
 Metaspace       used 26036K, capacity 26600K, committed 27008K, reserved 1073152K
  class space    used 3513K, capacity 3699K, committed 3712K, reserved 1048576K
Event: 8.518 GC heap after
Heap after GC invocations=12 (full 1):
 PSYoungGen      total 37888K, used 4855K [0x00000000e0000000, 0x00000000e2a00000, 0x0000000100000000)
  eden space 32768K, 0% used [0x00000000e0000000,0x00000000e0000000,0x00000000e2000000)
  from space 5120K, 94% used [0x00000000e2000000,0x00000000e24bdda8,0x00000000e2500000)
  to   space 5120K, 0% used [0x00000000e2500000,0x00000000e2500000,0x00000000e2a00000)
 ParOldGen       total 32256K, used 8474K [0x00000000a0000000, 0x00000000a1f80000, 0x00000000e0000000)
  object space 32256K, 26% used [0x00000000a0000000,0x00000000a0846820,0x00000000a1f80000)
 Metaspace       used 26036K, capacity 26600K, committed 27008K, reserved 1073152K
  class space    used 3513K, capacity 3699K, committed 3712K, reserved 1048576K
}
Event: 9.088 GC heap before
{Heap before GC invocations=13 (full 1):
 PSYoungGen      total 37888K, used 37623K [0x00000000e0000000, 0x00000000e2a00000, 0x0000000100000000)
  eden space 32768K, 100% used [0x00000000e0000000,0x00000000e2000000,0x00000000e2000000)
  from space 5120K, 94% used [0x00000000e2000000,0x00000000e24bdda8,0x00000000e2500000)
  to   space 5120K, 0% used [0x00000000e2500000,0x00000000e2500000,0x00000000e2a00000)
 ParOldGen       total 32256K, used 8474K [0x00000000a0000000, 0x00000000a1f80000, 0x00000000e0000000)
  object space 32256K, 26% used [0x00000000a0000000,0x00000000a0846840,0x00000000a1f80000)
 Metaspace       used 28937K, capacity 29450K, committed 29696K, reserved 1075200K
  class space    used 3906K, capacity 4090K, committed 4096K, reserved 1048576K
Event: 9.100 GC heap after
Heap after GC invocations=13 (full 1):
 PSYoungGen      total 37888K, used 3321K [0x00000000e0000000, 0x00000000e2a00000, 0x0000000100000000)
  eden space 32768K, 0% used [0x00000000e0000000,0x00000000e0000000,0x00000000e2000000)
  from space 5120K, 64% used [0x00000000e2500000,0x00000000e283e5c0,0x00000000e2a00000)
  to   space 5120K, 0% used [0x00000000e2000000,0x00000000e2000000,0x00000000e2500000)
 ParOldGen       total 32256K, used 10934K [0x00000000a0000000, 0x00000000a1f80000, 0x00000000e0000000)
  object space 32256K, 33% used [0x00000000a0000000,0x00000000a0aad860,0x00000000a1f80000)
 Metaspace       used 28937K, capacity 29450K, committed 29696K, reserved 1075200K
  class space    used 3906K, capacity 4090K, committed 4096K, reserved 1048576K
}
Event: 9.773 GC heap before
{Heap before GC invocations=14 (full 1):
 PSYoungGen      total 37888K, used 36089K [0x00000000e0000000, 0x00000000e2a00000, 0x0000000100000000)
  eden space 32768K, 100% used [0x00000000e0000000,0x00000000e2000000,0x00000000e2000000)
  from space 5120K, 64% used [0x00000000e2500000,0x00000000e283e5c0,0x00000000e2a00000)
  to   space 5120K, 0% used [0x00000000e2000000,0x00000000e2000000,0x00000000e2500000)
 ParOldGen       total 32256K, used 10959K [0x00000000a0000000, 0x00000000a1f80000, 0x00000000e0000000)
  object space 32256K, 33% used [0x00000000a0000000,0x00000000a0ab3fc8,0x00000000a1f80000)
 Metaspace       used 30376K, capacity 30894K, committed 31232K, reserved 1077248K
  class space    used 4140K, capacity 4294K, committed 4352K, reserved 1048576K
Event: 9.782 GC heap after
Heap after GC invocations=14 (full 1):
 PSYoungGen      total 37888K, used 2623K [0x00000000e0000000, 0x00000000e2a00000, 0x0000000100000000)
  eden space 32768K, 0% used [0x00000000e0000000,0x00000000e0000000,0x00000000e2000000)
  from space 5120K, 51% used [0x00000000e2000000,0x00000000e228fdb0,0x00000000e2500000)
  to   space 5120K, 0% used [0x00000000e2500000,0x00000000e2500000,0x00000000e2a00000)
 ParOldGen       total 32256K, used 11703K [0x00000000a0000000, 0x00000000a1f80000, 0x00000000e0000000)
  object space 32256K, 36% used [0x00000000a0000000,0x00000000a0b6dfc8,0x00000000a1f80000)
 Metaspace       used 30376K, capacity 30894K, committed 31232K, reserved 1077248K
  class space    used 4140K, capacity 4294K, committed 4352K, reserved 1048576K
}

